
> startup-nextjs-template@2.0.0 dev /Users/apple/Code/AahrbitX-main
> next dev

 ⚠ Port 3000 is in use, trying 3001 instead.
 ⚠ Port 3001 is in use, trying 3002 instead.
 ⚠ Port 3002 is in use, trying 3003 instead.
 ⚠ Port 3003 is in use, trying 3004 instead.
  ▲ Next.js 14.2.33
  - Local:        http://localhost:3004

 ✓ Starting...
 ✓ Ready in 4s
 ○ Compiling /terms-of-service ...
 ✓ Compiled /terms-of-service in 12.3s (2014 modules)
 GET /terms-of-service 200 in 13954ms
 ✓ Compiled in 2.1s (1000 modules)
 ○ Compiling / ...
 ✓ Compiled / in 3.5s (2082 modules)
 GET / 200 in 4222ms
 ✓ Compiled in 2.1s (1021 modules)
 ✓ Compiled in 772ms (1021 modules)
 ✓ Compiled in 1247ms (1021 modules)
 ✓ Compiled / in 369ms (701 modules)
 GET / 200 in 883ms
 GET / 200 in 81ms
 GET / 200 in 65ms
 GET / 200 in 56ms
 GET / 200 in 62ms
 GET / 200 in 51ms
 ✓ Compiled in 2.9s (1021 modules)
 ✓ Compiled in 1826ms (1021 modules)
 ✓ Compiled in 1056ms (1021 modules)
 ✓ Compiled in 8.1s (1021 modules)
 ✓ Compiled in 2s (1020 modules)
 ✓ Compiled in 3.2s (1020 modules)
 ✓ Compiled in 1307ms (1020 modules)
 ✓ Compiled in 1351ms (1020 modules)
 ✓ Compiled in 1439ms (1020 modules)
 ✓ Compiled in 1749ms (1020 modules)
 ✓ Compiled in 1562ms (1020 modules)
 ✓ Compiled in 1366ms (1020 modules)
 ✓ Compiled in 1372ms (1020 modules)
 ✓ Compiled in 2.2s (1020 modules)
 ✓ Compiled in 1289ms (1020 modules)
 ✓ Compiled in 1394ms (1020 modules)
 ✓ Compiled in 1663ms (1020 modules)
 ✓ Compiled in 1512ms (1020 modules)
 ✓ Compiled in 2s (1020 modules)
 ✓ Compiled in 2s (1020 modules)
 ✓ Compiled in 1664ms (1020 modules)
<w> [webpack.cache.PackFileCacheStrategy] Caching failed for pack: Error: ENOENT: no such file or directory, rename '/Users/apple/Code/AahrbitX-main/.next/cache/webpack/client-development/0.pack.gz_' -> '/Users/apple/Code/AahrbitX-main/.next/cache/webpack/client-development/0.pack.gz'
 ✓ Compiled in 4.4s (1020 modules)
 ✓ Compiled in 1490ms (1020 modules)
 ✓ Compiled in 919ms (1020 modules)
 ✓ Compiled in 1068ms (1020 modules)
 ✓ Compiled in 2.1s (1020 modules)
 ✓ Compiled in 1914ms (1020 modules)
 ✓ Compiled in 2.2s (1020 modules)
 ✓ Compiled in 1069ms (1020 modules)
 ✓ Compiled in 1646ms (1020 modules)
 ✓ Compiled in 1261ms (1020 modules)
 ✓ Compiled in 2.1s (1020 modules)
<w> [webpack.cache.PackFileCacheStrategy] Caching failed for pack: Error: ENOENT: no such file or directory, rename '/Users/apple/Code/AahrbitX-main/.next/cache/webpack/client-development/0.pack.gz_' -> '/Users/apple/Code/AahrbitX-main/.next/cache/webpack/client-development/0.pack.gz'
 ✓ Compiled in 1851ms (1020 modules)
 ✓ Compiled in 933ms (1020 modules)
 ✓ Compiled in 3.4s (1020 modules)
[?25h
